0 info it worked if it ends with ok
1 verbose cli [ '/usr/local/bin/node',
1 verbose cli   '/usr/local/bin/npm',
1 verbose cli   'install',
1 verbose cli   '-g',
1 verbose cli   'grunt-cli' ]
2 info using npm@2.14.12
3 info using node@v4.2.4
4 verbose install initial load of /usr/local/lib/package.json
5 verbose readDependencies loading dependencies from /usr/local/lib/package.json
6 silly cache add args [ 'grunt-cli', null ]
7 verbose cache add spec grunt-cli
8 silly cache add parsed spec Result {
8 silly cache add   raw: 'grunt-cli',
8 silly cache add   scope: null,
8 silly cache add   name: 'grunt-cli',
8 silly cache add   rawSpec: '',
8 silly cache add   spec: 'latest',
8 silly cache add   type: 'tag' }
9 silly addNamed grunt-cli@latest
10 verbose addNamed "latest" is being treated as a dist-tag for grunt-cli
11 info addNameTag [ 'grunt-cli', 'latest' ]
12 silly mapToRegistry name grunt-cli
13 silly mapToRegistry using default registry
14 silly mapToRegistry registry https://registry.npmjs.org/
15 silly mapToRegistry uri https://registry.npmjs.org/grunt-cli
16 verbose addNameTag registry:https://registry.npmjs.org/grunt-cli not in flight; fetching
17 verbose request uri https://registry.npmjs.org/grunt-cli
18 verbose request no auth needed
19 info attempt registry request try #1 at 10:49:52 AM
20 verbose request id 9b26031e3e4fa899
21 verbose etag "9FVAZTYZ7K5ZX5I7RQBQL2F6M"
22 http request GET https://registry.npmjs.org/grunt-cli
23 http 200 https://registry.npmjs.org/grunt-cli
24 verbose headers { server: 'CouchDB/1.5.0 (Erlang OTP/R16B03)',
24 verbose headers   etag: '"CP5ZAYEOR3UI4U14BWBY8DDDV"',
24 verbose headers   'content-type': 'application/json',
24 verbose headers   'cache-control': 'max-age=300',
24 verbose headers   'content-length': '31531',
24 verbose headers   'accept-ranges': 'bytes',
24 verbose headers   date: 'Wed, 13 Apr 2016 09:49:52 GMT',
24 verbose headers   via: '1.1 varnish',
24 verbose headers   age: '17',
24 verbose headers   connection: 'keep-alive',
24 verbose headers   'x-served-by': 'cache-lcy1133-LCY',
24 verbose headers   'x-cache': 'HIT',
24 verbose headers   'x-cache-hits': '1',
24 verbose headers   'x-timer': 'S1460540992.369424,VS0,VE0',
24 verbose headers   vary: 'Accept-Encoding' }
25 silly get cb [ 200,
25 silly get   { server: 'CouchDB/1.5.0 (Erlang OTP/R16B03)',
25 silly get     etag: '"CP5ZAYEOR3UI4U14BWBY8DDDV"',
25 silly get     'content-type': 'application/json',
25 silly get     'cache-control': 'max-age=300',
25 silly get     'content-length': '31531',
25 silly get     'accept-ranges': 'bytes',
25 silly get     date: 'Wed, 13 Apr 2016 09:49:52 GMT',
25 silly get     via: '1.1 varnish',
25 silly get     age: '17',
25 silly get     connection: 'keep-alive',
25 silly get     'x-served-by': 'cache-lcy1133-LCY',
25 silly get     'x-cache': 'HIT',
25 silly get     'x-cache-hits': '1',
25 silly get     'x-timer': 'S1460540992.369424,VS0,VE0',
25 silly get     vary: 'Accept-Encoding' } ]
26 verbose get saving grunt-cli to /Users/Juliana/.npm/registry.npmjs.org/grunt-cli/.cache.json
27 silly addNameTag next cb for grunt-cli with tag latest
28 silly addNamed grunt-cli@1.2.0
29 verbose addNamed "1.2.0" is a plain semver version for grunt-cli
30 silly mapToRegistry name grunt-cli
31 silly mapToRegistry using default registry
32 silly mapToRegistry registry https://registry.npmjs.org/
33 silly mapToRegistry uri https://registry.npmjs.org/grunt-cli
34 verbose addRemoteTarball https://registry.npmjs.org/grunt-cli/-/grunt-cli-1.2.0.tgz not in flight; adding
35 verbose addRemoteTarball [ 'https://registry.npmjs.org/grunt-cli/-/grunt-cli-1.2.0.tgz',
35 verbose addRemoteTarball   '562b119ebb069ddb464ace2845501be97b35b6a8' ]
36 info retry fetch attempt 1 at 10:49:52 AM
37 info attempt registry request try #1 at 10:49:52 AM
38 http fetch GET https://registry.npmjs.org/grunt-cli/-/grunt-cli-1.2.0.tgz
39 http fetch 200 https://registry.npmjs.org/grunt-cli/-/grunt-cli-1.2.0.tgz
40 silly fetchAndShaCheck shasum 562b119ebb069ddb464ace2845501be97b35b6a8
41 verbose addTmpTarball /var/folders/b9/cr8jfwkd3dz8r7gfmh6w_p6w0000gn/T/npm-845-3cd4952d/registry.npmjs.org/grunt-cli/-/grunt-cli-1.2.0.tgz not in flight; adding
42 verbose addTmpTarball already have metadata; skipping unpack for grunt-cli@1.2.0
43 silly cache afterAdd grunt-cli@1.2.0
44 verbose afterAdd /Users/Juliana/.npm/grunt-cli/1.2.0/package/package.json not in flight; writing
45 verbose afterAdd /Users/Juliana/.npm/grunt-cli/1.2.0/package/package.json written
46 silly install resolved [ { name: 'grunt-cli',
46 silly install resolved     description: 'The grunt command line interface',
46 silly install resolved     version: '1.2.0',
46 silly install resolved     author:
46 silly install resolved      { name: 'Grunt Development Team',
46 silly install resolved        url: 'http://gruntjs.com/development-team' },
46 silly install resolved     repository:
46 silly install resolved      { type: 'git',
46 silly install resolved        url: 'git+https://github.com/gruntjs/grunt-cli.git' },
46 silly install resolved     license: 'MIT',
46 silly install resolved     engines: { node: '>=0.10.0' },
46 silly install resolved     scripts: { test: 'node bin/grunt test' },
46 silly install resolved     bin: { grunt: 'bin/grunt' },
46 silly install resolved     dependencies:
46 silly install resolved      { 'findup-sync': '~0.3.0',
46 silly install resolved        'grunt-known-options': '~1.1.0',
46 silly install resolved        nopt: '~3.0.6',
46 silly install resolved        resolve: '~1.1.0' },
46 silly install resolved     devDependencies: { grunt: '~0.4.5', 'grunt-contrib-jshint': '~1.0.0' },
46 silly install resolved     files: [ 'bin', 'completion', 'lib' ],
46 silly install resolved     appveyor_id: 'prp6g944b05jsq6d',
46 silly install resolved     contributors: [ [Object], [Object], [Object], [Object] ],
46 silly install resolved     gitHead: 'edd8bd29a72f2f28b63fe2629fcb7b9d9f2feb46',
46 silly install resolved     bugs: { url: 'https://github.com/gruntjs/grunt-cli/issues' },
46 silly install resolved     homepage: 'https://github.com/gruntjs/grunt-cli#readme',
46 silly install resolved     _id: 'grunt-cli@1.2.0',
46 silly install resolved     _shasum: '562b119ebb069ddb464ace2845501be97b35b6a8',
46 silly install resolved     _from: 'grunt-cli@latest',
46 silly install resolved     _npmVersion: '3.8.2',
46 silly install resolved     _nodeVersion: '4.2.3',
46 silly install resolved     _npmUser: { name: 'vladikoff', email: 'vlad@vladikoff.com' },
46 silly install resolved     dist:
46 silly install resolved      { shasum: '562b119ebb069ddb464ace2845501be97b35b6a8',
46 silly install resolved        tarball: 'https://registry.npmjs.org/grunt-cli/-/grunt-cli-1.2.0.tgz' },
46 silly install resolved     maintainers: [ [Object], [Object], [Object], [Object] ],
46 silly install resolved     _npmOperationalInternal:
46 silly install resolved      { host: 'packages-12-west.internal.npmjs.com',
46 silly install resolved        tmp: 'tmp/grunt-cli-1.2.0.tgz_1459558434299_0.8824446983635426' },
46 silly install resolved     directories: {},
46 silly install resolved     _resolved: 'https://registry.npmjs.org/grunt-cli/-/grunt-cli-1.2.0.tgz' } ]
47 info install grunt-cli@1.2.0 into /usr/local/lib
48 info installOne grunt-cli@1.2.0
49 verbose installOne of grunt-cli to /usr/local/lib not in flight; installing
50 verbose lock using /Users/Juliana/.npm/_locks/grunt-cli-58f484dab06f0a30.lock for /usr/local/lib/node_modules/grunt-cli
51 silly install write writing grunt-cli 1.2.0 to /usr/local/lib/node_modules/grunt-cli
52 verbose unbuild lib/node_modules/grunt-cli
53 info preuninstall grunt-cli@0.1.13
54 info uninstall grunt-cli@0.1.13
55 verbose unbuild rmStuff grunt-cli@0.1.13 from /usr/local/lib/node_modules
56 silly gentlyRm /usr/local/bin/grunt is being gently removed
57 silly gentlyRm verifying /usr/local is an npm working directory
58 silly gentlyRm containing path /usr/local is under npm's control, in /usr/local
59 silly gentlyRm deletion target /usr/local/bin/grunt is under /usr/local
60 verbose gentlyRm vacuuming from /usr/local/bin/grunt up to /usr/local
61 silly vacuum-fs removing /usr/local/bin/grunt
62 verbose unlock done using /Users/Juliana/.npm/_locks/grunt-cli-58f484dab06f0a30.lock for /usr/local/lib/node_modules/grunt-cli
63 verbose stack Error: EACCES: permission denied, unlink '/usr/local/bin/grunt'
63 verbose stack     at Error (native)
64 verbose cwd /Users/Juliana/Documents/JULIANA/angular-examples/angular-theme-master
65 error Darwin 14.1.0
66 error argv "/usr/local/bin/node" "/usr/local/bin/npm" "install" "-g" "grunt-cli"
67 error node v4.2.4
68 error npm  v2.14.12
69 error path /usr/local/bin/grunt
70 error code EACCES
71 error errno -13
72 error syscall unlink
73 error Error: EACCES: permission denied, unlink '/usr/local/bin/grunt'
73 error     at Error (native)
73 error  { [Error: EACCES: permission denied, unlink '/usr/local/bin/grunt']
73 error   errno: -13,
73 error   code: 'EACCES',
73 error   syscall: 'unlink',
73 error   path: '/usr/local/bin/grunt' }
74 error Please try running this command again as root/Administrator.
75 verbose exit [ -13, true ]
76 verbose unbuild lib/node_modules/grunt-cli
77 info preuninstall grunt-cli@0.1.13
78 info uninstall grunt-cli@0.1.13
79 verbose unbuild rmStuff grunt-cli@0.1.13 from /usr/local/lib/node_modules
80 silly gentlyRm /usr/local/bin/grunt is being gently removed
81 silly gentlyRm verifying /usr/local is an npm working directory
82 silly gentlyRm containing path /usr/local is under npm's control, in /usr/local
83 silly gentlyRm deletion target /usr/local/bin/grunt is under /usr/local
84 verbose gentlyRm vacuuming from /usr/local/bin/grunt up to /usr/local
85 silly vacuum-fs removing /usr/local/bin/grunt
86 error error rolling back Error: EACCES: permission denied, unlink '/usr/local/bin/grunt'
86 error error rolling back     at Error (native)
86 error error rolling back  { [Error: EACCES: permission denied, unlink '/usr/local/bin/grunt']
86 error error rolling back   errno: -13,
86 error error rolling back   code: 'EACCES',
86 error error rolling back   syscall: 'unlink',
86 error error rolling back   path: '/usr/local/bin/grunt' }
